<?xml version="1.0" encoding="UTF-8"?>
<testsuite name="VerifySARApprovalTest"
           tests="1"
           failures="1"
           errors="0"
           skipped="0"
           time="2.316">
  <properties />
            <testcase name="runVerifySARApproval" time="2.316" classname="com.advantage.tests.OCAutomation.VerifySARApprovalTest">
                <failure type="com.advantage.genericexceptions.EnterFieldNoSuchElementException"
                  message="Could not find &apos;User Name&apos; due to exception:  org.openqa.selenium.InvalidElementStateException:  Element must not be hidden, disabled or read-only (WARNING: The server did not provide any stacktrace information)
Command duration or timeout: 46 milliseconds
Build info: version: &apos;2.45.0&apos;, revision: &apos;5017cb8&apos;, time: &apos;2015-02-26 23:59:50&apos;
System info: host: &apos;pshys0029&apos;, ip: &apos;10.233.16.102&apos;, os.name: &apos;Windows 7&apos;, os.arch: &apos;x86&apos;, os.version: &apos;6.1&apos;, java.version: &apos;1.6.0_21&apos;
Session ID: 415af625-7005-4e47-926f-fa1f22fb9cca
Driver info: org.openqa.selenium.ie.InternetExplorerDriver
Capabilities [{platform=WINDOWS, javascriptEnabled=true, elementScrollBehavior=0, enablePersistentHover=true, ignoreZoomSetting=false, ie.ensureCleanSession=false, browserName=internet explorer, enableElementCacheCleanup=true, unexpectedAlertBehaviour=dismiss, version=11, ie.usePerProcessProxy=false, cssSelectorsEnabled=true, ignoreProtectedModeSettings=true, requireWindowFocus=false, initialBrowserUrl=http://localhost:39538/, handlesAlerts=true, ie.forceCreateProcessApi=false, nativeEvents=true, browserAttachTimeout=0, ie.browserCommandLineSwitches=, takesScreenshot=true}]"
              >
<![CDATA[com.advantage.genericexceptions.EnterFieldNoSuchElementException: Could not find 'User Name' due to exception:  org.openqa.selenium.InvalidElementStateException:  Element must not be hidden, disabled or read-only (WARNING: The server did not provide any stacktrace information)
Command duration or timeout: 46 milliseconds
Build info: version: '2.45.0', revision: '5017cb8', time: '2015-02-26 23:59:50'
System info: host: 'pshys0029', ip: '10.233.16.102', os.name: 'Windows 7', os.arch: 'x86', os.version: '6.1', java.version: '1.6.0_21'
Session ID: 415af625-7005-4e47-926f-fa1f22fb9cca
Driver info: org.openqa.selenium.ie.InternetExplorerDriver
Capabilities [{platform=WINDOWS, javascriptEnabled=true, elementScrollBehavior=0, enablePersistentHover=true, ignoreZoomSetting=false, ie.ensureCleanSession=false, browserName=internet explorer, enableElementCacheCleanup=true, unexpectedAlertBehaviour=dismiss, version=11, ie.usePerProcessProxy=false, cssSelectorsEnabled=true, ignoreProtectedModeSettings=true, requireWindowFocus=false, initialBrowserUrl=http://localhost:39538/, handlesAlerts=true, ie.forceCreateProcessApi=false, nativeEvents=true, browserAttachTimeout=0, ie.browserCommandLineSwitches=, takesScreenshot=true}]
  com.advantage.framework.Framework.enterField(Unknown Source)
  com.advantage.framework.Framework.enterField(Unknown Source)
  com.advantage.pages.OCAutomation.Login.enterUserName(Unknown Source)
  com.advantage.pages.OCAutomation.Login.loginAs(Unknown Source)
  com.advantage.tests.OCAutomation.VerifySARApprovalTest.runVerifySARApproval(Unknown Source)
  sun.reflect.NativeMethodAccessorImpl.invoke0(Native Method)
  sun.reflect.NativeMethodAccessorImpl.invoke(NativeMethodAccessorImpl.java:39)
  sun.reflect.DelegatingMethodAccessorImpl.invoke(DelegatingMethodAccessorImpl.java:25)
  java.lang.reflect.Method.invoke(Method.java:597)
  org.testng.internal.MethodInvocationHelper.invokeMethod(MethodInvocationHelper.java:84)
  org.testng.internal.Invoker.invokeMethod(Invoker.java:714)
  org.testng.internal.Invoker.invokeTestMethod(Invoker.java:901)
  org.testng.internal.Invoker.invokeTestMethods(Invoker.java:1231)
  org.testng.internal.TestMethodWorker.invokeTestMethods(TestMethodWorker.java:127)
  org.testng.internal.TestMethodWorker.run(TestMethodWorker.java:111)
  org.testng.TestRunner.privateRun(TestRunner.java:767)
  org.testng.TestRunner.run(TestRunner.java:617)
  org.testng.SuiteRunner.runTest(SuiteRunner.java:334)
  org.testng.SuiteRunner.access$000(SuiteRunner.java:37)
  org.testng.SuiteRunner$SuiteWorker.run(SuiteRunner.java:368)
  org.testng.internal.thread.ThreadUtil$2.call(ThreadUtil.java:64)
  java.util.concurrent.FutureTask$Sync.innerRun(FutureTask.java:303)
  java.util.concurrent.FutureTask.run(FutureTask.java:138)
  java.util.concurrent.ThreadPoolExecutor$Worker.runTask(ThreadPoolExecutor.java:886)
  java.util.concurrent.ThreadPoolExecutor$Worker.run(ThreadPoolExecutor.java:908)
  java.lang.Thread.run(Thread.java:619)
]]>
      </failure>

          </testcase>
  
  
  
</testsuite>
